{
  "0 debug pnpm:scope": {
    "selected": 1
  },
  "1 debug pnpm:package-manifest": {
    "initial": {
      "name": "elementui-component",
      "version": "0.1.0",
      "private": true,
      "scripts": {
        "serve": "vue-cli-service serve",
        "build": "vue-cli-service build",
        "lint": "vue-cli-service lint"
      },
      "dependencies": {
        "core-js": "^3.8.3",
        "element-ui": "^2.15.10",
        "vue": "^2.6.14"
      },
      "devDependencies": {
        "@babel/core": "^7.12.16",
        "@babel/eslint-parser": "^7.12.16",
        "@vue/cli-plugin-babel": "~5.0.0",
        "@vue/cli-plugin-eslint": "~5.0.0",
        "@vue/cli-service": "~5.0.0",
        "eslint": "^7.32.0",
        "eslint-plugin-vue": "^8.0.3",
        "less": "^4.1.3",
        "less-loader": "^11.1.0",
        "vue-template-compiler": "^2.6.14"
      },
      "eslintConfig": {
        "root": true,
        "env": {
          "node": true
        },
        "extends": [
          "plugin:vue/essential",
          "eslint:recommended"
        ],
        "parserOptions": {
          "parser": "@babel/eslint-parser",
          "requireConfigFile": false
        },
        "rules": {}
      },
      "browserslist": [
        "> 1%",
        "last 2 versions",
        "not dead"
      ]
    },
    "prefix": "E:\\componyProject\\element-comps\\elementui-common-comps"
  },
  "2 warn pnpm:lockfile": {
    "message": "Your pnpm-lock.yaml was generated by a newer version of pnpm. It is a compatible version but it might get downgraded to version 5.3",
    "prefix": "E:\\componyProject\\element-comps\\elementui-common-comps"
  },
  "3 debug pnpm:context": {
    "currentLockfileExists": false,
    "storeDir": "E:\\.pnpm-store\\v3",
    "virtualStoreDir": "E:\\componyProject\\element-comps\\elementui-common-comps\\node_modules\\.pnpm"
  },
  "4 debug pnpm:stage": {
    "prefix": "E:\\componyProject\\element-comps\\elementui-common-comps",
    "stage": "resolution_started"
  },
  "5 debug pnpm:_dependency_resolved": {
    "resolution": "192.168.3.141+4873/@babel/core/7.19.6",
    "wanted": {
      "dependentId": ".",
      "name": "@babel/core",
      "rawSpec": "^7.12.16"
    }
  },
  "6 debug pnpm:_dependency_resolved": {
    "resolution": "192.168.3.141+4873/@babel/eslint-parser/7.19.1",
    "wanted": {
      "dependentId": ".",
      "name": "@babel/eslint-parser",
      "rawSpec": "^7.12.16"
    }
  },
  "7 debug pnpm:_dependency_resolved": {
    "resolution": "192.168.3.141+4873/@vue/cli-plugin-babel/5.0.8",
    "wanted": {
      "dependentId": ".",
      "name": "@vue/cli-plugin-babel",
      "rawSpec": "~5.0.0"
    }
  },
  "8 debug pnpm:_dependency_resolved": {
    "resolution": "192.168.3.141+4873/@vue/cli-plugin-eslint/5.0.8",
    "wanted": {
      "dependentId": ".",
      "name": "@vue/cli-plugin-eslint",
      "rawSpec": "~5.0.0"
    }
  },
  "9 debug pnpm:_dependency_resolved": {
    "resolution": "192.168.3.141+4873/@vue/cli-service/5.0.8",
    "wanted": {
      "dependentId": ".",
      "name": "@vue/cli-service",
      "rawSpec": "~5.0.0"
    }
  },
  "10 debug pnpm:_dependency_resolved": {
    "resolution": "192.168.3.141+4873/eslint/7.32.0",
    "wanted": {
      "dependentId": ".",
      "name": "eslint",
      "rawSpec": "^7.32.0"
    }
  },
  "11 debug pnpm:_dependency_resolved": {
    "resolution": "192.168.3.141+4873/eslint-plugin-vue/8.7.1",
    "wanted": {
      "dependentId": ".",
      "name": "eslint-plugin-vue",
      "rawSpec": "^8.0.3"
    }
  },
  "12 debug pnpm:_dependency_resolved": {
    "resolution": "192.168.3.141+4873/vue-template-compiler/2.7.13",
    "wanted": {
      "dependentId": ".",
      "name": "vue-template-compiler",
      "rawSpec": "^2.6.14"
    }
  },
  "13 debug pnpm:_dependency_resolved": {
    "resolution": "192.168.3.141+4873/core-js/3.26.0",
    "wanted": {
      "dependentId": ".",
      "name": "core-js",
      "rawSpec": "^3.8.3"
    }
  },
  "14 debug pnpm:_dependency_resolved": {
    "resolution": "192.168.3.141+4873/vue/2.7.13",
    "wanted": {
      "dependentId": ".",
      "name": "vue",
      "rawSpec": "^2.6.14"
    }
  },
  "15 debug pnpm:request-retry": {
    "attempt": 1,
    "error": {
      "type": "system",
      "errno": "ETIMEDOUT",
      "code": "ETIMEDOUT",
      "erroredSysCall": "connect"
    },
    "maxRetries": 2,
    "method": "GET",
    "timeout": 10000,
    "url": "http://192.168.3.141:4873/element-ui"
  },
  "16 debug pnpm:request-retry": {
    "attempt": 1,
    "error": {
      "type": "system",
      "errno": "ETIMEDOUT",
      "code": "ETIMEDOUT",
      "erroredSysCall": "connect"
    },
    "maxRetries": 2,
    "method": "GET",
    "timeout": 10000,
    "url": "http://192.168.3.141:4873/less"
  },
  "17 debug pnpm:request-retry": {
    "attempt": 1,
    "error": {
      "type": "system",
      "errno": "ETIMEDOUT",
      "code": "ETIMEDOUT",
      "erroredSysCall": "connect"
    },
    "maxRetries": 2,
    "method": "GET",
    "timeout": 10000,
    "url": "http://192.168.3.141:4873/less-loader"
  },
  "18 debug pnpm:request-retry": {
    "attempt": 1,
    "error": {
      "type": "system",
      "errno": "ETIMEDOUT",
      "code": "ETIMEDOUT",
      "erroredSysCall": "connect",
      "attempts": 1,
      "resource": "http://192.168.3.141:4873/@babel/core/-/core-7.19.6.tgz"
    },
    "maxRetries": 2,
    "method": "GET",
    "timeout": 10000,
    "url": "http://192.168.3.141:4873/@babel/core/-/core-7.19.6.tgz"
  },
  "19 debug pnpm:request-retry": {
    "attempt": 1,
    "error": {
      "type": "system",
      "errno": "ETIMEDOUT",
      "code": "ETIMEDOUT",
      "erroredSysCall": "connect",
      "attempts": 1,
      "resource": "http://192.168.3.141:4873/vue-template-compiler/-/vue-template-compiler-2.7.13.tgz"
    },
    "maxRetries": 2,
    "method": "GET",
    "timeout": 10000,
    "url": "http://192.168.3.141:4873/vue-template-compiler/-/vue-template-compiler-2.7.13.tgz"
  },
  "20 debug pnpm:request-retry": {
    "attempt": 1,
    "error": {
      "type": "system",
      "errno": "ETIMEDOUT",
      "code": "ETIMEDOUT",
      "erroredSysCall": "connect",
      "attempts": 1,
      "resource": "http://192.168.3.141:4873/core-js/-/core-js-3.26.0.tgz"
    },
    "maxRetries": 2,
    "method": "GET",
    "timeout": 10000,
    "url": "http://192.168.3.141:4873/core-js/-/core-js-3.26.0.tgz"
  },
  "21 debug pnpm:request-retry": {
    "attempt": 1,
    "error": {
      "type": "system",
      "errno": "ETIMEDOUT",
      "code": "ETIMEDOUT",
      "erroredSysCall": "connect",
      "attempts": 1,
      "resource": "http://192.168.3.141:4873/@babel/eslint-parser/-/eslint-parser-7.19.1.tgz"
    },
    "maxRetries": 2,
    "method": "GET",
    "timeout": 10000,
    "url": "http://192.168.3.141:4873/@babel/eslint-parser/-/eslint-parser-7.19.1.tgz"
  },
  "22 debug pnpm:request-retry": {
    "attempt": 1,
    "error": {
      "type": "system",
      "errno": "ETIMEDOUT",
      "code": "ETIMEDOUT",
      "erroredSysCall": "connect",
      "attempts": 1,
      "resource": "http://192.168.3.141:4873/eslint/-/eslint-7.32.0.tgz"
    },
    "maxRetries": 2,
    "method": "GET",
    "timeout": 10000,
    "url": "http://192.168.3.141:4873/eslint/-/eslint-7.32.0.tgz"
  },
  "23 debug pnpm:request-retry": {
    "attempt": 1,
    "error": {
      "type": "system",
      "errno": "ETIMEDOUT",
      "code": "ETIMEDOUT",
      "erroredSysCall": "connect",
      "attempts": 1,
      "resource": "http://192.168.3.141:4873/eslint-plugin-vue/-/eslint-plugin-vue-8.7.1.tgz"
    },
    "maxRetries": 2,
    "method": "GET",
    "timeout": 10000,
    "url": "http://192.168.3.141:4873/eslint-plugin-vue/-/eslint-plugin-vue-8.7.1.tgz"
  },
  "24 debug pnpm:request-retry": {
    "attempt": 1,
    "error": {
      "type": "system",
      "errno": "ETIMEDOUT",
      "code": "ETIMEDOUT",
      "erroredSysCall": "connect",
      "attempts": 1,
      "resource": "http://192.168.3.141:4873/@vue/cli-plugin-babel/-/cli-plugin-babel-5.0.8.tgz"
    },
    "maxRetries": 2,
    "method": "GET",
    "timeout": 10000,
    "url": "http://192.168.3.141:4873/@vue/cli-plugin-babel/-/cli-plugin-babel-5.0.8.tgz"
  },
  "25 debug pnpm:request-retry": {
    "attempt": 1,
    "error": {
      "type": "system",
      "errno": "ETIMEDOUT",
      "code": "ETIMEDOUT",
      "erroredSysCall": "connect",
      "attempts": 1,
      "resource": "http://192.168.3.141:4873/@vue/cli-plugin-eslint/-/cli-plugin-eslint-5.0.8.tgz"
    },
    "maxRetries": 2,
    "method": "GET",
    "timeout": 10000,
    "url": "http://192.168.3.141:4873/@vue/cli-plugin-eslint/-/cli-plugin-eslint-5.0.8.tgz"
  },
  "26 debug pnpm:request-retry": {
    "attempt": 1,
    "error": {
      "type": "system",
      "errno": "ETIMEDOUT",
      "code": "ETIMEDOUT",
      "erroredSysCall": "connect",
      "attempts": 1,
      "resource": "http://192.168.3.141:4873/@vue/cli-service/-/cli-service-5.0.8.tgz"
    },
    "maxRetries": 2,
    "method": "GET",
    "timeout": 10000,
    "url": "http://192.168.3.141:4873/@vue/cli-service/-/cli-service-5.0.8.tgz"
  },
  "27 debug pnpm:request-retry": {
    "attempt": 1,
    "error": {
      "type": "system",
      "errno": "ETIMEDOUT",
      "code": "ETIMEDOUT",
      "erroredSysCall": "connect",
      "attempts": 1,
      "resource": "http://192.168.3.141:4873/vue/-/vue-2.7.13.tgz"
    },
    "maxRetries": 2,
    "method": "GET",
    "timeout": 10000,
    "url": "http://192.168.3.141:4873/vue/-/vue-2.7.13.tgz"
  },
  "28 debug pnpm:request-retry": {
    "attempt": 2,
    "error": {
      "type": "system",
      "errno": "ETIMEDOUT",
      "code": "ETIMEDOUT",
      "erroredSysCall": "connect"
    },
    "maxRetries": 2,
    "method": "GET",
    "timeout": 60000,
    "url": "http://192.168.3.141:4873/element-ui"
  },
  "29 debug pnpm:request-retry": {
    "attempt": 2,
    "error": {
      "type": "system",
      "errno": "ETIMEDOUT",
      "code": "ETIMEDOUT",
      "erroredSysCall": "connect"
    },
    "maxRetries": 2,
    "method": "GET",
    "timeout": 60000,
    "url": "http://192.168.3.141:4873/less"
  },
  "30 debug pnpm:request-retry": {
    "attempt": 2,
    "error": {
      "type": "system",
      "errno": "ETIMEDOUT",
      "code": "ETIMEDOUT",
      "erroredSysCall": "connect"
    },
    "maxRetries": 2,
    "method": "GET",
    "timeout": 60000,
    "url": "http://192.168.3.141:4873/less-loader"
  },
  "31 debug pnpm:request-retry": {
    "attempt": 2,
    "error": {
      "type": "system",
      "errno": "ETIMEDOUT",
      "code": "ETIMEDOUT",
      "erroredSysCall": "connect",
      "attempts": 2,
      "resource": "http://192.168.3.141:4873/@babel/core/-/core-7.19.6.tgz"
    },
    "maxRetries": 2,
    "method": "GET",
    "timeout": 60000,
    "url": "http://192.168.3.141:4873/@babel/core/-/core-7.19.6.tgz"
  },
  "32 debug pnpm:request-retry": {
    "attempt": 2,
    "error": {
      "type": "system",
      "errno": "ETIMEDOUT",
      "code": "ETIMEDOUT",
      "erroredSysCall": "connect",
      "attempts": 2,
      "resource": "http://192.168.3.141:4873/vue-template-compiler/-/vue-template-compiler-2.7.13.tgz"
    },
    "maxRetries": 2,
    "method": "GET",
    "timeout": 60000,
    "url": "http://192.168.3.141:4873/vue-template-compiler/-/vue-template-compiler-2.7.13.tgz"
  },
  "33 debug pnpm:request-retry": {
    "attempt": 2,
    "error": {
      "type": "system",
      "errno": "ETIMEDOUT",
      "code": "ETIMEDOUT",
      "erroredSysCall": "connect",
      "attempts": 2,
      "resource": "http://192.168.3.141:4873/@vue/cli-plugin-babel/-/cli-plugin-babel-5.0.8.tgz"
    },
    "maxRetries": 2,
    "method": "GET",
    "timeout": 60000,
    "url": "http://192.168.3.141:4873/@vue/cli-plugin-babel/-/cli-plugin-babel-5.0.8.tgz"
  },
  "34 debug pnpm:request-retry": {
    "attempt": 2,
    "error": {
      "type": "system",
      "errno": "ETIMEDOUT",
      "code": "ETIMEDOUT",
      "erroredSysCall": "connect",
      "attempts": 2,
      "resource": "http://192.168.3.141:4873/eslint/-/eslint-7.32.0.tgz"
    },
    "maxRetries": 2,
    "method": "GET",
    "timeout": 60000,
    "url": "http://192.168.3.141:4873/eslint/-/eslint-7.32.0.tgz"
  },
  "35 debug pnpm:request-retry": {
    "attempt": 2,
    "error": {
      "type": "system",
      "errno": "ETIMEDOUT",
      "code": "ETIMEDOUT",
      "erroredSysCall": "connect",
      "attempts": 2,
      "resource": "http://192.168.3.141:4873/@babel/eslint-parser/-/eslint-parser-7.19.1.tgz"
    },
    "maxRetries": 2,
    "method": "GET",
    "timeout": 60000,
    "url": "http://192.168.3.141:4873/@babel/eslint-parser/-/eslint-parser-7.19.1.tgz"
  },
  "36 debug pnpm:request-retry": {
    "attempt": 2,
    "error": {
      "type": "system",
      "errno": "ETIMEDOUT",
      "code": "ETIMEDOUT",
      "erroredSysCall": "connect",
      "attempts": 2,
      "resource": "http://192.168.3.141:4873/core-js/-/core-js-3.26.0.tgz"
    },
    "maxRetries": 2,
    "method": "GET",
    "timeout": 60000,
    "url": "http://192.168.3.141:4873/core-js/-/core-js-3.26.0.tgz"
  },
  "37 debug pnpm:request-retry": {
    "attempt": 2,
    "error": {
      "type": "system",
      "errno": "ETIMEDOUT",
      "code": "ETIMEDOUT",
      "erroredSysCall": "connect",
      "attempts": 2,
      "resource": "http://192.168.3.141:4873/eslint-plugin-vue/-/eslint-plugin-vue-8.7.1.tgz"
    },
    "maxRetries": 2,
    "method": "GET",
    "timeout": 60000,
    "url": "http://192.168.3.141:4873/eslint-plugin-vue/-/eslint-plugin-vue-8.7.1.tgz"
  },
  "38 debug pnpm:request-retry": {
    "attempt": 2,
    "error": {
      "type": "system",
      "errno": "ETIMEDOUT",
      "code": "ETIMEDOUT",
      "erroredSysCall": "connect",
      "attempts": 2,
      "resource": "http://192.168.3.141:4873/@vue/cli-plugin-eslint/-/cli-plugin-eslint-5.0.8.tgz"
    },
    "maxRetries": 2,
    "method": "GET",
    "timeout": 60000,
    "url": "http://192.168.3.141:4873/@vue/cli-plugin-eslint/-/cli-plugin-eslint-5.0.8.tgz"
  },
  "39 debug pnpm:request-retry": {
    "attempt": 2,
    "error": {
      "type": "system",
      "errno": "ETIMEDOUT",
      "code": "ETIMEDOUT",
      "erroredSysCall": "connect",
      "attempts": 2,
      "resource": "http://192.168.3.141:4873/vue/-/vue-2.7.13.tgz"
    },
    "maxRetries": 2,
    "method": "GET",
    "timeout": 60000,
    "url": "http://192.168.3.141:4873/vue/-/vue-2.7.13.tgz"
  },
  "40 debug pnpm:request-retry": {
    "attempt": 2,
    "error": {
      "type": "system",
      "errno": "ETIMEDOUT",
      "code": "ETIMEDOUT",
      "erroredSysCall": "connect",
      "attempts": 2,
      "resource": "http://192.168.3.141:4873/@vue/cli-service/-/cli-service-5.0.8.tgz"
    },
    "maxRetries": 2,
    "method": "GET",
    "timeout": 60000,
    "url": "http://192.168.3.141:4873/@vue/cli-service/-/cli-service-5.0.8.tgz"
  },
  "41 error pnpm": {
    "code": "ERR_PNPM_META_FETCH_FAIL",
    "attempts": 1,
    "pkgsStack": [],
    "err": {
      "name": "pnpm",
      "message": "GET http://192.168.3.141:4873/element-ui: request to http://192.168.3.141:4873/element-ui failed, reason: connect ETIMEDOUT 192.168.3.141:4873",
      "code": "ERR_PNPM_META_FETCH_FAIL",
      "stack": "pnpm: GET http://192.168.3.141:4873/element-ui: request to http://192.168.3.141:4873/element-ui failed, reason: connect ETIMEDOUT 192.168.3.141:4873\n    at RetryOperation._fn (C:\\Users\\刘荣\\AppData\\Roaming\\npm\\node_modules\\pnpm\\dist\\pnpm.cjs:85445:19)\n    at processTicksAndRejections (internal/process/task_queues.js:93:5)"
    }
  }
}